Command line:
   D_flipflop_isim_beh.exe
     -simmode  gui
     -simrunnum  0
     -socket  49041

Sun Jun 14 18:30:35 2015


 Elaboration Time: 0.078125 sec

 Current Memory Usage: 363.348 Meg

 Total Signals          : 24
 Total Nets             : 24
 Total Signal Drivers   : 12
 Total Blocks           : 2
 Total Primitive Blocks : 2
 Total Processes        : 13
 Total Traceable Variables  : 18
 Total Scalar Nets and Variables : 104
Total Line Count : 14

 Total Simulation Time: 0.109375 sec

 Current Memory Usage: 363.348 Meg

Sun Jun 14 18:30:52 2015

